<?xml version="1.0" encoding="UTF-8"?>
<testsuite name="com.wizeline.endpoints.EndpointsTest" tests="1" skipped="0" failures="0" errors="0" timestamp="2022-10-10T06:09:49" hostname="GS1726956D01LP" time="0.198">
  <properties/>
  <testcase name="Prueba Endpoint Put" classname="com.wizeline.endpoints.EndpointsTest" time="0.198"/>
  <system-out><![CDATA[01:09:35.010 [Test worker] DEBUG org.springframework.test.context.BootstrapUtils - Instantiating CacheAwareContextLoaderDelegate from class [org.springframework.test.context.cache.DefaultCacheAwareContextLoaderDelegate]
01:09:35.019 [Test worker] DEBUG org.springframework.test.context.BootstrapUtils - Instantiating BootstrapContext using constructor [public org.springframework.test.context.support.DefaultBootstrapContext(java.lang.Class,org.springframework.test.context.CacheAwareContextLoaderDelegate)]
01:09:35.049 [Test worker] DEBUG org.springframework.test.context.BootstrapUtils - Instantiating TestContextBootstrapper for test class [com.wizeline.endpoints.EndpointsTest] from class [org.springframework.boot.test.context.SpringBootTestContextBootstrapper]
01:09:35.059 [Test worker] INFO org.springframework.boot.test.context.SpringBootTestContextBootstrapper - Neither @ContextConfiguration nor @ContextHierarchy found for test class [com.wizeline.endpoints.EndpointsTest], using SpringBootContextLoader
01:09:35.063 [Test worker] DEBUG org.springframework.test.context.support.AbstractContextLoader - Did not detect default resource location for test class [com.wizeline.endpoints.EndpointsTest]: class path resource [com/wizeline/endpoints/EndpointsTest-context.xml] does not exist
01:09:35.063 [Test worker] DEBUG org.springframework.test.context.support.AbstractContextLoader - Did not detect default resource location for test class [com.wizeline.endpoints.EndpointsTest]: class path resource [com/wizeline/endpoints/EndpointsTestContext.groovy] does not exist
01:09:35.064 [Test worker] INFO org.springframework.test.context.support.AbstractContextLoader - Could not detect default resource locations for test class [com.wizeline.endpoints.EndpointsTest]: no resource found for suffixes {-context.xml, Context.groovy}.
01:09:35.064 [Test worker] INFO org.springframework.test.context.support.AnnotationConfigContextLoaderUtils - Could not detect default configuration classes for test class [com.wizeline.endpoints.EndpointsTest]: EndpointsTest does not declare any static, non-private, non-final, nested classes annotated with @Configuration.
01:09:35.130 [Test worker] DEBUG org.springframework.test.context.support.ActiveProfilesUtils - Could not find an 'annotation declaring class' for annotation type [org.springframework.test.context.ActiveProfiles] and class [com.wizeline.endpoints.EndpointsTest]
01:09:35.198 [Test worker] DEBUG org.springframework.context.annotation.ClassPathScanningCandidateComponentProvider - Identified candidate component class: file [E:\Users\rjsanchezm\Documents\Wizeline\Java\learningjavagradle\build\classes\java\main\com\wizeline\LearningjavagradleApplication.class]
01:09:35.199 [Test worker] INFO org.springframework.boot.test.context.SpringBootTestContextBootstrapper - Found @SpringBootConfiguration com.wizeline.LearningjavagradleApplication for test class com.wizeline.endpoints.EndpointsTest
01:09:35.306 [Test worker] DEBUG org.springframework.boot.test.context.SpringBootTestContextBootstrapper - @TestExecutionListeners is not present for class [com.wizeline.endpoints.EndpointsTest]: using defaults.
01:09:35.306 [Test worker] INFO org.springframework.boot.test.context.SpringBootTestContextBootstrapper - Loaded default TestExecutionListener class names from location [META-INF/spring.factories]: [org.springframework.boot.test.autoconfigure.restdocs.RestDocsTestExecutionListener, org.springframework.boot.test.autoconfigure.web.client.MockRestServiceServerResetTestExecutionListener, org.springframework.boot.test.autoconfigure.web.servlet.MockMvcPrintOnlyOnFailureTestExecutionListener, org.springframework.boot.test.autoconfigure.web.servlet.WebDriverTestExecutionListener, org.springframework.boot.test.autoconfigure.webservices.client.MockWebServiceServerTestExecutionListener, org.springframework.boot.test.mock.mockito.MockitoTestExecutionListener, org.springframework.boot.test.mock.mockito.ResetMocksTestExecutionListener, org.springframework.test.context.web.ServletTestExecutionListener, org.springframework.test.context.support.DirtiesContextBeforeModesTestExecutionListener, org.springframework.test.context.event.ApplicationEventsTestExecutionListener, org.springframework.test.context.support.DependencyInjectionTestExecutionListener, org.springframework.test.context.support.DirtiesContextTestExecutionListener, org.springframework.test.context.transaction.TransactionalTestExecutionListener, org.springframework.test.context.jdbc.SqlScriptsTestExecutionListener, org.springframework.test.context.event.EventPublishingTestExecutionListener]
01:09:35.321 [Test worker] INFO org.springframework.boot.test.context.SpringBootTestContextBootstrapper - Using TestExecutionListeners: [org.springframework.test.context.web.ServletTestExecutionListener@410e94e, org.springframework.test.context.support.DirtiesContextBeforeModesTestExecutionListener@2d691f3d, org.springframework.test.context.event.ApplicationEventsTestExecutionListener@1bdbf9be, org.springframework.boot.test.mock.mockito.MockitoTestExecutionListener@1e7f2e0f, org.springframework.boot.test.autoconfigure.SpringBootDependencyInjectionTestExecutionListener@1da6ee17, org.springframework.test.context.support.DirtiesContextTestExecutionListener@78d39a69, org.springframework.test.context.transaction.TransactionalTestExecutionListener@3c818ac4, org.springframework.test.context.jdbc.SqlScriptsTestExecutionListener@5b69d40d, org.springframework.test.context.event.EventPublishingTestExecutionListener@71154f21, org.springframework.boot.test.autoconfigure.restdocs.RestDocsTestExecutionListener@15f193b8, org.springframework.boot.test.autoconfigure.web.client.MockRestServiceServerResetTestExecutionListener@2516fc68, org.springframework.boot.test.autoconfigure.web.servlet.MockMvcPrintOnlyOnFailureTestExecutionListener@304a9d7b, org.springframework.boot.test.autoconfigure.web.servlet.WebDriverTestExecutionListener@6bfdb014, org.springframework.boot.test.autoconfigure.webservices.client.MockWebServiceServerTestExecutionListener@72889280, org.springframework.boot.test.mock.mockito.ResetMocksTestExecutionListener@606fc505]
01:09:35.325 [Test worker] DEBUG org.springframework.test.context.support.AbstractDirtiesContextTestExecutionListener - Before test class: context [DefaultTestContext@bf71cec testClass = EndpointsTest, testInstance = [null], testMethod = [null], testException = [null], mergedContextConfiguration = [WebMergedContextConfiguration@22d6cac2 testClass = EndpointsTest, locations = '{}', classes = '{class com.wizeline.LearningjavagradleApplication}', contextInitializerClasses = '[]', activeProfiles = '{}', propertySourceLocations = '{}', propertySourceProperties = '{spring.mongodb.embedded.version=3.5.5, org.springframework.boot.test.context.SpringBootTestContextBootstrapper=true}', contextCustomizers = set[org.springframework.boot.test.autoconfigure.actuate.metrics.MetricsExportContextCustomizerFactory$DisableMetricExportContextCustomizer@5be067de, org.springframework.boot.test.autoconfigure.properties.PropertyMappingContextCustomizer@4b3fa0b3, org.springframework.boot.test.autoconfigure.web.servlet.WebDriverContextCustomizerFactory$Customizer@62e70ea3, [ImportsContextCustomizer@30cdae70 key = [org.springframework.boot.test.autoconfigure.web.servlet.MockMvcAutoConfiguration, org.springframework.boot.test.autoconfigure.web.servlet.MockMvcWebClientAutoConfiguration, org.springframework.boot.test.autoconfigure.web.servlet.MockMvcWebDriverAutoConfiguration, org.springframework.boot.autoconfigure.security.oauth2.client.servlet.OAuth2ClientAutoConfiguration, org.springframework.boot.autoconfigure.security.oauth2.resource.servlet.OAuth2ResourceServerAutoConfiguration, org.springframework.boot.autoconfigure.security.servlet.SecurityAutoConfiguration, org.springframework.boot.autoconfigure.security.servlet.SecurityFilterAutoConfiguration, org.springframework.boot.autoconfigure.security.servlet.UserDetailsServiceAutoConfiguration, org.springframework.boot.test.autoconfigure.web.servlet.MockMvcSecurityConfiguration, org.springframework.boot.test.autoconfigure.web.reactive.WebTestClientAutoConfiguration]], org.springframework.boot.test.context.filter.ExcludeFilterContextCustomizer@5d465e4b, org.springframework.boot.test.json.DuplicateJsonObjectContextCustomizerFactory$DuplicateJsonObjectContextCustomizer@117e0fe5, org.springframework.boot.test.mock.mockito.MockitoContextCustomizer@bc56bf23, org.springframework.boot.test.web.client.TestRestTemplateContextCustomizer@2b58f754, org.springframework.boot.test.context.SpringBootTestArgs@1, org.springframework.boot.test.context.SpringBootTestWebEnvironment@5c669da8], resourceBasePath = 'src/main/webapp', contextLoader = 'org.springframework.boot.test.context.SpringBootContextLoader', parent = [null]], attributes = map['org.springframework.test.context.web.ServletTestExecutionListener.activateListener' -> true]], class annotated with @DirtiesContext [false] with mode [null].

  .   ____          _            __ _ _
 /\\ / ___'_ __ _ _(_)_ __  __ _ \ \ \ \
( ( )\___ | '_ | '_| | '_ \/ _` | \ \ \ \
 \\/  ___)| |_)| | | | | || (_| |  ) ) ) )
  '  |____| .__|_| |_|_| |_\__, | / / / /
 =========|_|==============|___/=/_/_/_/
 :: Spring Boot ::                (v2.7.4)

2022-10-10 01:09:36.564  WARN 72436 --- [    Test worker] ory$DuplicateJsonObjectContextCustomizer : 

Found multiple occurrences of org.json.JSONObject on the class path:

	jar:file:/C:/gradle-6.8.3/caches/modules-2/files-2.1/org.json/json/20210307/528c8df3757e8bcf151817b1d7b9b434f6aa08d5/json-20210307.jar!/org/json/JSONObject.class
	jar:file:/C:/gradle-6.8.3/caches/modules-2/files-2.1/com.vaadin.external.google/android-json/0.0.20131108.vaadin1/fa26d351fe62a6a17f5cda1287c1c6110dec413f/android-json-0.0.20131108.vaadin1.jar!/org/json/JSONObject.class

You may wish to exclude one of them to ensure predictable runtime behavior

2022-10-10 01:09:36.585  INFO 72436 --- [    Test worker] com.wizeline.endpoints.EndpointsTest     : Starting EndpointsTest using Java 11.0.16.1 on GS1726956D01LP with PID 72436 (started by rjsanchezm in E:\Users\rjsanchezm\Documents\Wizeline\Java\learningjavagradle)
2022-10-10 01:09:36.585  INFO 72436 --- [    Test worker] com.wizeline.endpoints.EndpointsTest     : No active profile set, falling back to 1 default profile: "default"
2022-10-10 01:09:37.465  INFO 72436 --- [    Test worker] .s.d.r.c.RepositoryConfigurationDelegate : Bootstrapping Spring Data MongoDB repositories in DEFAULT mode.
2022-10-10 01:09:37.541  INFO 72436 --- [    Test worker] .s.d.r.c.RepositoryConfigurationDelegate : Finished Spring Data repository scanning in 71 ms. Found 2 MongoDB repository interfaces.
2022-10-10 01:09:37.850  INFO 72436 --- [    Test worker] o.s.cloud.context.scope.GenericScope     : BeanFactory id=56b890d8-a820-3b44-a9c2-3c349022f03f
2022-10-10 01:09:42.439  INFO 72436 --- [       Thread-7] o.s.b.a.mongo.embedded.EmbeddedMongo     : note: noprealloc may hurt performance in many applications
2022-10-10 01:09:42.843  INFO 72436 --- [       Thread-7] o.s.b.a.mongo.embedded.EmbeddedMongo     : 2022-10-10T01:09:42.840-0500 I CONTROL  [initandlisten] MongoDB starting : pid=79696 port=27017 dbpath=e:\Users\rjsanchezm\AppData\Local\Temp\2\embedmongo-db-9079f5cd-704d-46ab-a593-21ad46e54536 64-bit host=GS1726956D01LP
2022-10-10 01:09:42.843  INFO 72436 --- [       Thread-7] o.s.b.a.mongo.embedded.EmbeddedMongo     : 2022-10-10T01:09:42.843-0500 I CONTROL  [initandlisten] targetMinOS: Windows Vista/Windows Server 2008
2022-10-10 01:09:42.844  INFO 72436 --- [       Thread-7] o.s.b.a.mongo.embedded.EmbeddedMongo     : 2022-10-10T01:09:42.843-0500 I CONTROL  [initandlisten] db version v3.5.5
2022-10-10 01:09:42.844  INFO 72436 --- [       Thread-7] o.s.b.a.mongo.embedded.EmbeddedMongo     : 2022-10-10T01:09:42.843-0500 I CONTROL  [initandlisten] git version: 98515c812b6fa893613f063dae568ff8319cbfbd
2022-10-10 01:09:42.844  INFO 72436 --- [       Thread-7] o.s.b.a.mongo.embedded.EmbeddedMongo     : 2022-10-10T01:09:42.843-0500 I CONTROL  [initandlisten] allocator: tcmalloc
2022-10-10 01:09:42.844  INFO 72436 --- [       Thread-7] o.s.b.a.mongo.embedded.EmbeddedMongo     : 2022-10-10T01:09:42.843-0500 I CONTROL  [initandlisten] modules: none
2022-10-10 01:09:42.844  INFO 72436 --- [       Thread-7] o.s.b.a.mongo.embedded.EmbeddedMongo     : 2022-10-10T01:09:42.844-0500 I CONTROL  [initandlisten] build environment:
2022-10-10 01:09:42.844  INFO 72436 --- [       Thread-7] o.s.b.a.mongo.embedded.EmbeddedMongo     : 2022-10-10T01:09:42.844-0500 I CONTROL  [initandlisten]     distarch: x86_64
2022-10-10 01:09:42.844  INFO 72436 --- [       Thread-7] o.s.b.a.mongo.embedded.EmbeddedMongo     : 2022-10-10T01:09:42.844-0500 I CONTROL  [initandlisten]     target_arch: x86_64
2022-10-10 01:09:42.844  INFO 72436 --- [       Thread-7] o.s.b.a.mongo.embedded.EmbeddedMongo     : 2022-10-10T01:09:42.844-0500 I CONTROL  [initandlisten] options: { net: { bindIp: "192.168.3.4", http: { enabled: false }, port: 27017 }, security: { authorization: "disabled" }, storage: { dbPath: "e:\Users\rjsanchezm\AppData\Local\Temp\2\embedmongo-db-9079f5cd-704d-46ab-a593-21ad46e54536", journal: { enabled: false }, mmapv1: { preallocDataFiles: false, smallFiles: true }, syncPeriodSecs: 0.0 } }
2022-10-10 01:09:42.850  INFO 72436 --- [       Thread-7] o.s.b.a.mongo.embedded.EmbeddedMongo     : 2022-10-10T01:09:42.850-0500 I STORAGE  [initandlisten] wiredtiger_open config: create,cache_size=7539M,session_max=20000,eviction=(threads_min=4,threads_max=4),config_base=false,statistics=(fast),log=(enabled=true,archive=true,path=journal,compressor=snappy),file_manager=(close_idle_time=100000),checkpoint=(wait=0,log_size=2GB),statistics_log=(wait=0),verbose=(recovery_progress),,log=(enabled=false),
2022-10-10 01:09:42.968  INFO 72436 --- [       Thread-7] o.s.b.a.mongo.embedded.EmbeddedMongo     : 2022-10-10T01:09:42.968-0500 W STORAGE  [initandlisten] Detected configuration for non-active storage engine mmapv1 when current storage engine is wiredTiger
2022-10-10 01:09:42.968  INFO 72436 --- [       Thread-7] o.s.b.a.mongo.embedded.EmbeddedMongo     : 2022-10-10T01:09:42.968-0500 I CONTROL  [initandlisten] 
2022-10-10 01:09:42.968  INFO 72436 --- [       Thread-7] o.s.b.a.mongo.embedded.EmbeddedMongo     : 2022-10-10T01:09:42.968-0500 I CONTROL  [initandlisten] ** NOTE: This is a development version (3.5.5) of MongoDB.
2022-10-10 01:09:42.968  INFO 72436 --- [       Thread-7] o.s.b.a.mongo.embedded.EmbeddedMongo     : 2022-10-10T01:09:42.968-0500 I CONTROL  [initandlisten] **       Not recommended for production.
2022-10-10 01:09:42.968  INFO 72436 --- [       Thread-7] o.s.b.a.mongo.embedded.EmbeddedMongo     : 2022-10-10T01:09:42.968-0500 I CONTROL  [initandlisten] 
2022-10-10 01:09:44.959  INFO 72436 --- [       Thread-7] o.s.b.a.mongo.embedded.EmbeddedMongo     : 2022-10-10T01:09:44.959-0500 W FTDC     [initandlisten] Failed to initialize Performance Counters for FTDC: WindowsPdhError: PdhExpandCounterPathW failed with 'El objeto especificado no se encontrÃ³ en el equipo.' for counter '\Memory\Available Bytes'
2022-10-10 01:09:44.959  INFO 72436 --- [       Thread-7] o.s.b.a.mongo.embedded.EmbeddedMongo     : 2022-10-10T01:09:44.959-0500 I FTDC     [initandlisten] Initializing full-time diagnostic data capture with directory 'e:/Users/rjsanchezm/AppData/Local/Temp/2/embedmongo-db-9079f5cd-704d-46ab-a593-21ad46e54536/diagnostic.data'
2022-10-10 01:09:45.025  INFO 72436 --- [       Thread-7] o.s.b.a.mongo.embedded.EmbeddedMongo     : 2022-10-10T01:09:45.025-0500 I INDEX    [initandlisten] build index on: admin.system.version properties: { v: 2, key: { version: 1 }, name: "incompatible_with_version_32", ns: "admin.system.version" }
2022-10-10 01:09:45.025  INFO 72436 --- [       Thread-7] o.s.b.a.mongo.embedded.EmbeddedMongo     : 2022-10-10T01:09:45.025-0500 I INDEX    [initandlisten] 	 building index using bulk method; build may temporarily use up to 500 megabytes of RAM
2022-10-10 01:09:45.029  INFO 72436 --- [       Thread-7] o.s.b.a.mongo.embedded.EmbeddedMongo     : 2022-10-10T01:09:45.029-0500 I INDEX    [initandlisten] build index done.  scanned 0 total records. 0 secs
2022-10-10 01:09:45.030  INFO 72436 --- [       Thread-7] o.s.b.a.mongo.embedded.EmbeddedMongo     : 2022-10-10T01:09:45.031-0500 I COMMAND  [initandlisten] setting featureCompatibilityVersion to 3.4
2022-10-10 01:09:45.032  INFO 72436 --- [       Thread-7] o.s.b.a.mongo.embedded.EmbeddedMongo     : 2022-10-10T01:09:45.032-0500 I NETWORK  [thread1] waiting for connections on port 27017
2022-10-10 01:09:45.032  INFO 72436 --- [    Test worker] d.f.embed.mongo.MongodExecutable         : start MongodConfig{version=Version{3.5.5}, timeout=de.flapdoodle.embed.mongo.config.Timeout@47c81e89, net=de.flapdoodle.embed.mongo.config.Net@49bb808f, cmdOptions=MongoCmdOptions{syncDelay=0, useDefaultSyncDelay=false, isVerbose=false, useNoPrealloc=true, useSmallFiles=true, useNoJournal=true, enableTextSearch=false, auth=false, master=false}, password=, userName=, replication=de.flapdoodle.embed.mongo.config.Storage@563ada5, isConfigServer=false, isShardServer=false, processListener=de.flapdoodle.embed.mongo.config.processlistener.NoopProcessListener@12548f9a, params={}, args={}, pidFile=mongod.pid, supportConfig=de.flapdoodle.embed.mongo.config.SupportConfig@156ff70f}
2022-10-10 01:09:45.183  INFO 72436 --- [       Thread-7] o.s.b.a.mongo.embedded.EmbeddedMongo     : 2022-10-10T01:09:45.183-0500 I NETWORK  [thread1] connection accepted from 192.168.3.4:62705 #1 (1 connection now open)
2022-10-10 01:09:45.183  INFO 72436 --- [       Thread-7] o.s.b.a.mongo.embedded.EmbeddedMongo     : 2022-10-10T01:09:45.184-0500 I NETWORK  [thread1] connection accepted from 192.168.3.4:62706 #2 (2 connections now open)
2022-10-10 01:09:45.188  INFO 72436 --- [    Test worker] org.mongodb.driver.client                : MongoClient with metadata {"driver": {"name": "mongo-java-driver|sync|spring-boot", "version": "4.6.1"}, "os": {"type": "Windows", "name": "Windows 10", "architecture": "amd64", "version": "10.0"}, "platform": "Java/Amazon.com Inc./11.0.16.1+9-LTS"} created with settings MongoClientSettings{readPreference=primary, writeConcern=WriteConcern{w=null, wTimeout=null ms, journal=null}, retryWrites=true, retryReads=true, readConcern=ReadConcern{level=null}, credential=null, streamFactoryFactory=null, commandListeners=[], codecRegistry=ProvidersCodecRegistry{codecProviders=[ValueCodecProvider{}, BsonValueCodecProvider{}, DBRefCodecProvider{}, DBObjectCodecProvider{}, DocumentCodecProvider{}, IterableCodecProvider{}, MapCodecProvider{}, GeoJsonCodecProvider{}, GridFSFileCodecProvider{}, Jsr310CodecProvider{}, JsonObjectCodecProvider{}, BsonCodecProvider{}, EnumCodecProvider{}, com.mongodb.Jep395RecordCodecProvider@79273a4f]}, clusterSettings={hosts=[host.docker.internal:27017], srvServiceName=mongodb, mode=SINGLE, requiredClusterType=UNKNOWN, requiredReplicaSetName='null', serverSelector='null', clusterListeners='[]', serverSelectionTimeout='30000 ms', localThreshold='30000 ms'}, socketSettings=SocketSettings{connectTimeoutMS=10000, readTimeoutMS=0, receiveBufferSize=0, sendBufferSize=0}, heartbeatSocketSettings=SocketSettings{connectTimeoutMS=10000, readTimeoutMS=10000, receiveBufferSize=0, sendBufferSize=0}, connectionPoolSettings=ConnectionPoolSettings{maxSize=100, minSize=0, maxWaitTimeMS=120000, maxConnectionLifeTimeMS=0, maxConnectionIdleTimeMS=0, maintenanceInitialDelayMS=0, maintenanceFrequencyMS=60000, connectionPoolListeners=[], maxConnecting=2}, serverSettings=ServerSettings{heartbeatFrequencyMS=10000, minHeartbeatFrequencyMS=500, serverListeners='[]', serverMonitorListeners='[]'}, sslSettings=SslSettings{enabled=false, invalidHostNameAllowed=false, context=null}, applicationName='null', compressorList=[], uuidRepresentation=JAVA_LEGACY, serverApi=null, autoEncryptionSettings=null, contextProvider=null}
2022-10-10 01:09:45.195  INFO 72436 --- [       Thread-7] o.s.b.a.mongo.embedded.EmbeddedMongo     : 2022-10-10T01:09:45.196-0500 I NETWORK  [conn2] received client metadata from 192.168.3.4:62706 conn2: { driver: { name: "mongo-java-driver|sync|spring-boot", version: "4.6.1" }, os: { type: "Windows", name: "Windows 10", architecture: "amd64", version: "10.0" }, platform: "Java/Amazon.com Inc./11.0.16.1+9-LTS" }
2022-10-10 01:09:45.196  INFO 72436 --- [       Thread-7] o.s.b.a.mongo.embedded.EmbeddedMongo     : 2022-10-10T01:09:45.196-0500 I NETWORK  [conn1] received client metadata from 192.168.3.4:62705 conn1: { driver: { name: "mongo-java-driver|sync|spring-boot", version: "4.6.1" }, os: { type: "Windows", name: "Windows 10", architecture: "amd64", version: "10.0" }, platform: "Java/Amazon.com Inc./11.0.16.1+9-LTS" }
2022-10-10 01:09:45.211  INFO 72436 --- [.internal:27017] org.mongodb.driver.connection            : Opened connection [connectionId{localValue:2, serverValue:2}] to host.docker.internal:27017
2022-10-10 01:09:45.211  INFO 72436 --- [.internal:27017] org.mongodb.driver.connection            : Opened connection [connectionId{localValue:1, serverValue:1}] to host.docker.internal:27017
2022-10-10 01:09:45.211  INFO 72436 --- [.internal:27017] org.mongodb.driver.cluster               : Monitor thread successfully connected to server with description ServerDescription{address=host.docker.internal:27017, type=STANDALONE, state=CONNECTED, ok=true, minWireVersion=0, maxWireVersion=5, maxDocumentSize=16777216, logicalSessionTimeoutMinutes=null, roundTripTimeNanos=25617300}
2022-10-10 01:09:46.222  WARN 72436 --- [    Test worker] o.s.c.n.a.ArchaiusAutoConfiguration      : No spring.application.name found, defaulting to 'application'
2022-10-10 01:09:46.226  WARN 72436 --- [    Test worker] c.n.c.sources.URLConfigurationSource     : No URLs will be polled as dynamic configuration sources.
2022-10-10 01:09:46.226  INFO 72436 --- [    Test worker] c.n.c.sources.URLConfigurationSource     : To enable URLs as dynamic configuration sources, define System property archaius.configurationSource.additionalUrls or make config.properties available on classpath.
2022-10-10 01:09:46.231  WARN 72436 --- [    Test worker] c.n.c.sources.URLConfigurationSource     : No URLs will be polled as dynamic configuration sources.
2022-10-10 01:09:46.231  INFO 72436 --- [    Test worker] c.n.c.sources.URLConfigurationSource     : To enable URLs as dynamic configuration sources, define System property archaius.configurationSource.additionalUrls or make config.properties available on classpath.
2022-10-10 01:09:47.359  INFO 72436 --- [    Test worker] o.s.b.t.m.w.SpringBootMockServletContext : Initializing Spring TestDispatcherServlet ''
2022-10-10 01:09:47.359  INFO 72436 --- [    Test worker] o.s.t.web.servlet.TestDispatcherServlet  : Initializing Servlet ''
2022-10-10 01:09:47.362  INFO 72436 --- [    Test worker] o.s.t.web.servlet.TestDispatcherServlet  : Completed initialization in 3 ms
2022-10-10 01:09:48.490  INFO 72436 --- [    Test worker] o.a.k.clients.admin.AdminClientConfig    : AdminClientConfig values: 
	bootstrap.servers = [localhost:9092]
	client.dns.lookup = use_all_dns_ips
	client.id = 
	connections.max.idle.ms = 300000
	default.api.timeout.ms = 60000
	metadata.max.age.ms = 300000
	metric.reporters = []
	metrics.num.samples = 2
	metrics.recording.level = INFO
	metrics.sample.window.ms = 30000
	receive.buffer.bytes = 65536
	reconnect.backoff.max.ms = 1000
	reconnect.backoff.ms = 50
	request.timeout.ms = 30000
	retries = 2147483647
	retry.backoff.ms = 100
	sasl.client.callback.handler.class = null
	sasl.jaas.config = null
	sasl.kerberos.kinit.cmd = /usr/bin/kinit
	sasl.kerberos.min.time.before.relogin = 60000
	sasl.kerberos.service.name = null
	sasl.kerberos.ticket.renew.jitter = 0.05
	sasl.kerberos.ticket.renew.window.factor = 0.8
	sasl.login.callback.handler.class = null
	sasl.login.class = null
	sasl.login.connect.timeout.ms = null
	sasl.login.read.timeout.ms = null
	sasl.login.refresh.buffer.seconds = 300
	sasl.login.refresh.min.period.seconds = 60
	sasl.login.refresh.window.factor = 0.8
	sasl.login.refresh.window.jitter = 0.05
	sasl.login.retry.backoff.max.ms = 10000
	sasl.login.retry.backoff.ms = 100
	sasl.mechanism = GSSAPI
	sasl.oauthbearer.clock.skew.seconds = 30
	sasl.oauthbearer.expected.audience = null
	sasl.oauthbearer.expected.issuer = null
	sasl.oauthbearer.jwks.endpoint.refresh.ms = 3600000
	sasl.oauthbearer.jwks.endpoint.retry.backoff.max.ms = 10000
	sasl.oauthbearer.jwks.endpoint.retry.backoff.ms = 100
	sasl.oauthbearer.jwks.endpoint.url = null
	sasl.oauthbearer.scope.claim.name = scope
	sasl.oauthbearer.sub.claim.name = sub
	sasl.oauthbearer.token.endpoint.url = null
	security.protocol = PLAINTEXT
	security.providers = null
	send.buffer.bytes = 131072
	socket.connection.setup.timeout.max.ms = 30000
	socket.connection.setup.timeout.ms = 10000
	ssl.cipher.suites = null
	ssl.enabled.protocols = [TLSv1.2, TLSv1.3]
	ssl.endpoint.identification.algorithm = https
	ssl.engine.factory.class = null
	ssl.key.password = null
	ssl.keymanager.algorithm = SunX509
	ssl.keystore.certificate.chain = null
	ssl.keystore.key = null
	ssl.keystore.location = null
	ssl.keystore.password = null
	ssl.keystore.type = JKS
	ssl.protocol = TLSv1.3
	ssl.provider = null
	ssl.secure.random.implementation = null
	ssl.trustmanager.algorithm = PKIX
	ssl.truststore.certificates = null
	ssl.truststore.location = null
	ssl.truststore.password = null
	ssl.truststore.type = JKS

2022-10-10 01:09:48.612  INFO 72436 --- [    Test worker] o.a.kafka.common.utils.AppInfoParser     : Kafka version: 3.1.2
2022-10-10 01:09:48.612  INFO 72436 --- [    Test worker] o.a.kafka.common.utils.AppInfoParser     : Kafka commitId: f8c67dc3ae0a3265
2022-10-10 01:09:48.612  INFO 72436 --- [    Test worker] o.a.kafka.common.utils.AppInfoParser     : Kafka startTimeMs: 1665382188610
2022-10-10 01:09:48.951  INFO 72436 --- [| adminclient-1] o.a.kafka.common.utils.AppInfoParser     : App info kafka.admin.client for adminclient-1 unregistered
2022-10-10 01:09:48.955  INFO 72436 --- [| adminclient-1] org.apache.kafka.common.metrics.Metrics  : Metrics scheduler closed
2022-10-10 01:09:48.956  INFO 72436 --- [| adminclient-1] org.apache.kafka.common.metrics.Metrics  : Closing reporter org.apache.kafka.common.metrics.JmxReporter
2022-10-10 01:09:48.956  INFO 72436 --- [| adminclient-1] org.apache.kafka.common.metrics.Metrics  : Metrics reporters closed
2022-10-10 01:09:48.986  INFO 72436 --- [    Test worker] o.a.k.clients.consumer.ConsumerConfig    : ConsumerConfig values: 
	allow.auto.create.topics = true
	auto.commit.interval.ms = 5000
	auto.offset.reset = latest
	bootstrap.servers = [localhost:9092]
	check.crcs = true
	client.dns.lookup = use_all_dns_ips
	client.id = consumer-sampleGroup-1
	client.rack = 
	connections.max.idle.ms = 540000
	default.api.timeout.ms = 60000
	enable.auto.commit = false
	exclude.internal.topics = true
	fetch.max.bytes = 52428800
	fetch.max.wait.ms = 500
	fetch.min.bytes = 1
	group.id = sampleGroup
	group.instance.id = null
	heartbeat.interval.ms = 3000
	interceptor.classes = []
	internal.leave.group.on.close = true
	internal.throw.on.fetch.stable.offset.unsupported = false
	isolation.level = read_uncommitted
	key.deserializer = class org.apache.kafka.common.serialization.StringDeserializer
	max.partition.fetch.bytes = 1048576
	max.poll.interval.ms = 300000
	max.poll.records = 500
	metadata.max.age.ms = 300000
	metric.reporters = []
	metrics.num.samples = 2
	metrics.recording.level = INFO
	metrics.sample.window.ms = 30000
	partition.assignment.strategy = [class org.apache.kafka.clients.consumer.RangeAssignor, class org.apache.kafka.clients.consumer.CooperativeStickyAssignor]
	receive.buffer.bytes = 65536
	reconnect.backoff.max.ms = 1000
	reconnect.backoff.ms = 50
	request.timeout.ms = 30000
	retry.backoff.ms = 100
	sasl.client.callback.handler.class = null
	sasl.jaas.config = null
	sasl.kerberos.kinit.cmd = /usr/bin/kinit
	sasl.kerberos.min.time.before.relogin = 60000
	sasl.kerberos.service.name = null
	sasl.kerberos.ticket.renew.jitter = 0.05
	sasl.kerberos.ticket.renew.window.factor = 0.8
	sasl.login.callback.handler.class = null
	sasl.login.class = null
	sasl.login.connect.timeout.ms = null
	sasl.login.read.timeout.ms = null
	sasl.login.refresh.buffer.seconds = 300
	sasl.login.refresh.min.period.seconds = 60
	sasl.login.refresh.window.factor = 0.8
	sasl.login.refresh.window.jitter = 0.05
	sasl.login.retry.backoff.max.ms = 10000
	sasl.login.retry.backoff.ms = 100
	sasl.mechanism = GSSAPI
	sasl.oauthbearer.clock.skew.seconds = 30
	sasl.oauthbearer.expected.audience = null
	sasl.oauthbearer.expected.issuer = null
	sasl.oauthbearer.jwks.endpoint.refresh.ms = 3600000
	sasl.oauthbearer.jwks.endpoint.retry.backoff.max.ms = 10000
	sasl.oauthbearer.jwks.endpoint.retry.backoff.ms = 100
	sasl.oauthbearer.jwks.endpoint.url = null
	sasl.oauthbearer.scope.claim.name = scope
	sasl.oauthbearer.sub.claim.name = sub
	sasl.oauthbearer.token.endpoint.url = null
	security.protocol = PLAINTEXT
	security.providers = null
	send.buffer.bytes = 131072
	session.timeout.ms = 45000
	socket.connection.setup.timeout.max.ms = 30000
	socket.connection.setup.timeout.ms = 10000
	ssl.cipher.suites = null
	ssl.enabled.protocols = [TLSv1.2, TLSv1.3]
	ssl.endpoint.identification.algorithm = https
	ssl.engine.factory.class = null
	ssl.key.password = null
	ssl.keymanager.algorithm = SunX509
	ssl.keystore.certificate.chain = null
	ssl.keystore.key = null
	ssl.keystore.location = null
	ssl.keystore.password = null
	ssl.keystore.type = JKS
	ssl.protocol = TLSv1.3
	ssl.provider = null
	ssl.secure.random.implementation = null
	ssl.trustmanager.algorithm = PKIX
	ssl.truststore.certificates = null
	ssl.truststore.location = null
	ssl.truststore.password = null
	ssl.truststore.type = JKS
	value.deserializer = class org.springframework.kafka.support.serializer.JsonDeserializer

2022-10-10 01:09:49.047  INFO 72436 --- [    Test worker] o.a.kafka.common.utils.AppInfoParser     : Kafka version: 3.1.2
2022-10-10 01:09:49.047  INFO 72436 --- [    Test worker] o.a.kafka.common.utils.AppInfoParser     : Kafka commitId: f8c67dc3ae0a3265
2022-10-10 01:09:49.047  INFO 72436 --- [    Test worker] o.a.kafka.common.utils.AppInfoParser     : Kafka startTimeMs: 1665382189047
2022-10-10 01:09:49.049  INFO 72436 --- [    Test worker] o.a.k.clients.consumer.KafkaConsumer     : [Consumer clientId=consumer-sampleGroup-1, groupId=sampleGroup] Subscribed to topic(s): useraccount-topic
2022-10-10 01:09:49.077  INFO 72436 --- [    Test worker] com.wizeline.endpoints.EndpointsTest     : Started EndpointsTest in 13.716 seconds (JVM running for 17.658)
2022-10-10 01:09:49.089  INFO 72436 --- [mpleGroup-0-C-1] org.apache.kafka.clients.Metadata        : [Consumer clientId=consumer-sampleGroup-1, groupId=sampleGroup] Resetting the last seen epoch of partition useraccount-topic-0 to 0 since the associated topicId changed from null to 7yCJlzETQn6yP7k-EL2LZQ
2022-10-10 01:09:49.091  INFO 72436 --- [mpleGroup-0-C-1] org.apache.kafka.clients.Metadata        : [Consumer clientId=consumer-sampleGroup-1, groupId=sampleGroup] Cluster ID: HYC-R5r9SveJviaix8EwuA
2022-10-10 01:09:49.092  INFO 72436 --- [mpleGroup-0-C-1] o.a.k.c.c.internals.ConsumerCoordinator  : [Consumer clientId=consumer-sampleGroup-1, groupId=sampleGroup] Discovered group coordinator GS1726956D01LP.ad.elektra.com.mx:9092 (id: 2147483647 rack: null)
2022-10-10 01:09:49.096  INFO 72436 --- [mpleGroup-0-C-1] o.a.k.c.c.internals.ConsumerCoordinator  : [Consumer clientId=consumer-sampleGroup-1, groupId=sampleGroup] (Re-)joining group
2022-10-10 01:09:49.118  INFO 72436 --- [mpleGroup-0-C-1] o.a.k.c.c.internals.ConsumerCoordinator  : [Consumer clientId=consumer-sampleGroup-1, groupId=sampleGroup] Request joining group due to: need to re-join with the given member-id
2022-10-10 01:09:49.118  INFO 72436 --- [mpleGroup-0-C-1] o.a.k.c.c.internals.ConsumerCoordinator  : [Consumer clientId=consumer-sampleGroup-1, groupId=sampleGroup] (Re-)joining group
2022-10-10 01:09:49.124  INFO 72436 --- [mpleGroup-0-C-1] o.a.k.c.c.internals.ConsumerCoordinator  : [Consumer clientId=consumer-sampleGroup-1, groupId=sampleGroup] Successfully joined group with generation Generation{generationId=51, memberId='consumer-sampleGroup-1-2ed2472f-d542-45a1-afd0-67b6a0d5a3e1', protocol='range'}
2022-10-10 01:09:49.128  INFO 72436 --- [mpleGroup-0-C-1] o.a.k.c.c.internals.ConsumerCoordinator  : [Consumer clientId=consumer-sampleGroup-1, groupId=sampleGroup] Finished assignment for group at generation 51: {consumer-sampleGroup-1-2ed2472f-d542-45a1-afd0-67b6a0d5a3e1=Assignment(partitions=[useraccount-topic-0])}
2022-10-10 01:09:49.137  INFO 72436 --- [mpleGroup-0-C-1] o.a.k.c.c.internals.ConsumerCoordinator  : [Consumer clientId=consumer-sampleGroup-1, groupId=sampleGroup] Successfully synced group in generation Generation{generationId=51, memberId='consumer-sampleGroup-1-2ed2472f-d542-45a1-afd0-67b6a0d5a3e1', protocol='range'}
2022-10-10 01:09:49.138  INFO 72436 --- [mpleGroup-0-C-1] o.a.k.c.c.internals.ConsumerCoordinator  : [Consumer clientId=consumer-sampleGroup-1, groupId=sampleGroup] Notifying assignor about the new Assignment(partitions=[useraccount-topic-0])
2022-10-10 01:09:49.143  INFO 72436 --- [mpleGroup-0-C-1] o.a.k.c.c.internals.ConsumerCoordinator  : [Consumer clientId=consumer-sampleGroup-1, groupId=sampleGroup] Adding newly assigned partitions: useraccount-topic-0
2022-10-10 01:09:49.158  INFO 72436 --- [mpleGroup-0-C-1] o.a.k.c.c.internals.ConsumerCoordinator  : [Consumer clientId=consumer-sampleGroup-1, groupId=sampleGroup] Setting offset for partition useraccount-topic-0 to the committed offset FetchPosition{offset=1, offsetEpoch=Optional.empty, currentLeader=LeaderAndEpoch{leader=Optional[GS1726956D01LP.ad.elektra.com.mx:9092 (id: 0 rack: null)], epoch=0}}
2022-10-10 01:09:49.160  INFO 72436 --- [mpleGroup-0-C-1] o.s.k.l.KafkaMessageListenerContainer    : sampleGroup: partitions assigned: [useraccount-topic-0]
2022-10-10 01:09:49.302  INFO 72436 --- [    Test worker] com.wizeline.endpoints.EndpointsTest     : Resultado: 200
]]></system-out>
  <system-err><![CDATA[]]></system-err>
</testsuite>
